This file contains any messages produced by compilers while
running configure, to aid debugging if configure makes a mistake.

It was created by tesseract configure 3.00, which was
generated by GNU Autoconf 2.65.  Invocation command line was

  $ ./configure 

## --------- ##
## Platform. ##
## --------- ##

hostname = Ariel.local
uname -m = i386
uname -r = 10.4.0
uname -s = Darwin
uname -v = Darwin Kernel Version 10.4.0: Fri Apr 23 18:28:53 PDT 2010; root:xnu-1504.7.4~1/RELEASE_I386

/usr/bin/uname -p = i386
/bin/uname -X     = unknown

/bin/arch              = unknown
/usr/bin/arch -k       = unknown
/usr/convex/getsysinfo = unknown
/usr/bin/hostinfo      = Mach kernel version:
	 Darwin Kernel Version 10.4.0: Fri Apr 23 18:28:53 PDT 2010; root:xnu-1504.7.4~1/RELEASE_I386
Kernel configured for up to 2 processors.
2 processors are physically available.
2 processors are logically available.
Processor type: i486 (Intel 80486)
Processors active: 0 1
Primary memory available: 2.00 gigabytes
Default processor set: 75 tasks, 343 threads, 2 processors
Load average: 0.36, Mach factor: 1.63
/bin/machine           = unknown
/usr/bin/oslevel       = unknown
/bin/universe          = unknown

PATH: /usr/local/mysql/bin/
PATH: /opt/local/bin
PATH: /opt/local/sbin
PATH: /usr/bin
PATH: /bin
PATH: /usr/sbin
PATH: /sbin
PATH: /usr/local/bin
PATH: /usr/texbin
PATH: /usr/X11/bin


## ----------- ##
## Core tests. ##
## ----------- ##

configure:2706: checking build system type
configure:2720: result: i686-apple-darwin10.4.0
configure:2740: checking host system type
configure:2753: result: i686-apple-darwin10.4.0
configure:2852: checking --enable-graphics argument
configure:2861: result: yes
configure:2973: checking for cl.exe
configure:3003: result: no
configure:2973: checking for g++
configure:2989: found /usr/bin/g++
configure:3000: result: g++
configure:3027: checking for C++ compiler version
configure:3036: g++ --version >&5
i686-apple-darwin10-g++-4.2.1 (GCC) 4.2.1 (Apple Inc. build 5659)
Copyright (C) 2007 Free Software Foundation, Inc.
This is free software; see the source for copying conditions.  There is NO
warranty; not even for MERCHANTABILITY or FITNESS FOR A PARTICULAR PURPOSE.

configure:3047: $? = 0
configure:3036: g++ -v >&5
Using built-in specs.
Target: i686-apple-darwin10
Configured with: /var/tmp/gcc/gcc-5659~1/src/configure --disable-checking --enable-werror --prefix=/usr --mandir=/share/man --enable-languages=c,objc,c++,obj-c++ --program-transform-name=/^[cg][^.-]*$/s/$/-4.2/ --with-slibdir=/usr/lib --build=i686-apple-darwin10 --program-prefix=i686-apple-darwin10- --host=x86_64-apple-darwin10 --target=i686-apple-darwin10 --with-gxx-include-dir=/include/c++/4.2.1
Thread model: posix
gcc version 4.2.1 (Apple Inc. build 5659)
configure:3047: $? = 0
configure:3036: g++ -V >&5
g++-4.2: argument to `-V' is missing
configure:3047: $? = 1
configure:3036: g++ -qversion >&5
i686-apple-darwin10-g++-4.2.1: no input files
configure:3047: $? = 1
configure:3067: checking whether the C++ compiler works
configure:3089: g++   -I/opt/local/include  -L/opt/local/lib conftest.cpp  >&5
configure:3093: $? = 0
configure:3142: result: yes
configure:3145: checking for C++ compiler default output file name
configure:3147: result: a.out
configure:3153: checking for suffix of executables
configure:3160: g++ -o conftest   -I/opt/local/include  -L/opt/local/lib conftest.cpp  >&5
configure:3164: $? = 0
configure:3186: result: 
configure:3208: checking whether we are cross compiling
configure:3216: g++ -o conftest   -I/opt/local/include  -L/opt/local/lib conftest.cpp  >&5
configure:3220: $? = 0
configure:3227: ./conftest
configure:3231: $? = 0
configure:3246: result: no
configure:3251: checking for suffix of object files
configure:3273: g++ -c   -I/opt/local/include conftest.cpp >&5
configure:3277: $? = 0
configure:3298: result: o
configure:3302: checking whether we are using the GNU C++ compiler
configure:3321: g++ -c   -I/opt/local/include conftest.cpp >&5
configure:3321: $? = 0
configure:3330: result: yes
configure:3339: checking whether g++ accepts -g
configure:3359: g++ -c -g  -I/opt/local/include conftest.cpp >&5
configure:3359: $? = 0
configure:3400: result: yes
configure:3499: checking for gcc
configure:3515: found /usr/bin/gcc
configure:3526: result: gcc
configure:3755: checking for C compiler version
configure:3764: gcc --version >&5
i686-apple-darwin10-gcc-4.2.1 (GCC) 4.2.1 (Apple Inc. build 5659)
Copyright (C) 2007 Free Software Foundation, Inc.
This is free software; see the source for copying conditions.  There is NO
warranty; not even for MERCHANTABILITY or FITNESS FOR A PARTICULAR PURPOSE.

configure:3775: $? = 0
configure:3764: gcc -v >&5
Using built-in specs.
Target: i686-apple-darwin10
Configured with: /var/tmp/gcc/gcc-5659~1/src/configure --disable-checking --enable-werror --prefix=/usr --mandir=/share/man --enable-languages=c,objc,c++,obj-c++ --program-transform-name=/^[cg][^.-]*$/s/$/-4.2/ --with-slibdir=/usr/lib --build=i686-apple-darwin10 --program-prefix=i686-apple-darwin10- --host=x86_64-apple-darwin10 --target=i686-apple-darwin10 --with-gxx-include-dir=/include/c++/4.2.1
Thread model: posix
gcc version 4.2.1 (Apple Inc. build 5659)
configure:3775: $? = 0
configure:3764: gcc -V >&5
gcc-4.2: argument to `-V' is missing
configure:3775: $? = 1
configure:3764: gcc -qversion >&5
i686-apple-darwin10-gcc-4.2.1: no input files
configure:3775: $? = 1
configure:3779: checking whether we are using the GNU C compiler
configure:3798: gcc -c   -I/opt/local/include conftest.c >&5
configure:3798: $? = 0
configure:3807: result: yes
configure:3816: checking whether gcc accepts -g
configure:3836: gcc -c -g  -I/opt/local/include conftest.c >&5
configure:3836: $? = 0
configure:3877: result: yes
configure:3894: checking for gcc option to accept ISO C89
configure:3958: gcc  -c -g -O2  -I/opt/local/include conftest.c >&5
configure:3958: $? = 0
configure:3971: result: none needed
configure:3991: checking for a sed that does not truncate output
configure:4055: result: /usr/bin/sed
configure:4073: checking for grep that handles long lines and -e
configure:4131: result: /usr/bin/grep
configure:4136: checking for egrep
configure:4198: result: /usr/bin/grep -E
configure:4203: checking for fgrep
configure:4265: result: /usr/bin/grep -F
configure:4300: checking for ld used by gcc
configure:4367: result: /usr/libexec/gcc/i686-apple-darwin10/4.2.1/ld
configure:4374: checking if the linker (/usr/libexec/gcc/i686-apple-darwin10/4.2.1/ld) is GNU ld
configure:4389: result: no
configure:4401: checking for BSD- or MS-compatible name lister (nm)
configure:4450: result: /usr/bin/nm
configure:4568: checking the name lister (/usr/bin/nm) interface
configure:4575: gcc -c -g -O2  -I/opt/local/include conftest.c >&5
configure:4578: /usr/bin/nm "conftest.o"
configure:4581: output
00000000000001a0 D _some_variable
configure:4588: result: BSD nm
configure:4591: checking whether ln -s works
configure:4595: result: yes
configure:4603: checking the maximum length of command line arguments
configure:4723: result: 196608
configure:4740: checking whether the shell understands some XSI constructs
configure:4750: result: yes
configure:4754: checking whether the shell understands "+="
configure:4760: result: yes
configure:4795: checking for /usr/libexec/gcc/i686-apple-darwin10/4.2.1/ld option to reload object files
configure:4802: result: -r
configure:4871: checking for objdump
configure:4901: result: no
configure:4930: checking how to recognize dependent libraries
configure:5126: result: pass_all
configure:5186: checking for ar
configure:5202: found /usr/bin/ar
configure:5213: result: ar
configure:5291: checking for strip
configure:5307: found /usr/bin/strip
configure:5318: result: strip
configure:5390: checking for ranlib
configure:5406: found /usr/bin/ranlib
configure:5417: result: ranlib
configure:5507: checking command to parse /usr/bin/nm output from gcc object
configure:5625: gcc -c -g -O2  -I/opt/local/include conftest.c >&5
configure:5628: $? = 0
configure:5632: /usr/bin/nm conftest.o \| sed -n -e 's/^.*[	 ]\([BCDEGRST][BCDEGRST]*\)[	 ][	 ]*\([_A-Za-z][_A-Za-z0-9]*\)$/\1 \2 \2/p' \> conftest.nm
configure:5635: $? = 0
cannot find nm_test_var in conftest.nm
configure:5625: gcc -c -g -O2  -I/opt/local/include conftest.c >&5
configure:5628: $? = 0
configure:5632: /usr/bin/nm conftest.o \| sed -n -e 's/^.*[	 ]\([BCDEGRST][BCDEGRST]*\)[	 ][	 ]*_\([_A-Za-z][_A-Za-z0-9]*\)$/\1 _\2 \2/p' \> conftest.nm
configure:5635: $? = 0
configure:5689: gcc -o conftest -g -O2  -I/opt/local/include  -L/opt/local/lib conftest.c conftstm.o >&5
configure:5692: $? = 0
configure:5730: result: ok
configure:5995: checking for dsymutil
configure:6011: found /usr/bin/dsymutil
configure:6022: result: dsymutil
configure:6087: checking for nmedit
configure:6103: found /usr/bin/nmedit
configure:6114: result: nmedit
configure:6179: checking for lipo
configure:6195: found /usr/bin/lipo
configure:6206: result: lipo
configure:6271: checking for otool
configure:6287: found /usr/bin/otool
configure:6298: result: otool
configure:6363: checking for otool64
configure:6393: result: no
configure:6438: checking for -single_module linker flag
gcc -g -O2  -L/opt/local/lib -o libconftest.dylib -dynamiclib -Wl,-single_module conftest.c
configure:6465: result: yes
configure:6467: checking for -exported_symbols_list linker flag
configure:6487: gcc -o conftest -g -O2  -I/opt/local/include  -L/opt/local/lib -Wl,-exported_symbols_list,conftest.sym conftest.c  >&5
configure:6487: $? = 0
configure:6497: result: yes
configure:6539: checking how to run the C preprocessor
configure:6570: gcc -E  -I/opt/local/include conftest.c
configure:6570: $? = 0
configure:6584: gcc -E  -I/opt/local/include conftest.c
conftest.c:13:28: error: ac_nonexistent.h: No such file or directory
configure:6584: $? = 1
configure: failed program was:
| /* confdefs.h */
| #define PACKAGE_NAME "tesseract"
| #define PACKAGE_TARNAME "tesseract"
| #define PACKAGE_VERSION "3.00"
| #define PACKAGE_STRING "tesseract 3.00"
| #define PACKAGE_BUGREPORT "theraysmith@gmail.com"
| #define PACKAGE_URL ""
| #define PACKAGE_NAME "tesseract"
| #define PACKAGE_VERSION "3.00"
| #define PACKAGE_YEAR "2010"
| #define PACKAGE_DATE "09/30"
| /* end confdefs.h.  */
| #include <ac_nonexistent.h>
configure:6609: result: gcc -E
configure:6629: gcc -E  -I/opt/local/include conftest.c
configure:6629: $? = 0
configure:6643: gcc -E  -I/opt/local/include conftest.c
conftest.c:13:28: error: ac_nonexistent.h: No such file or directory
configure:6643: $? = 1
configure: failed program was:
| /* confdefs.h */
| #define PACKAGE_NAME "tesseract"
| #define PACKAGE_TARNAME "tesseract"
| #define PACKAGE_VERSION "3.00"
| #define PACKAGE_STRING "tesseract 3.00"
| #define PACKAGE_BUGREPORT "theraysmith@gmail.com"
| #define PACKAGE_URL ""
| #define PACKAGE_NAME "tesseract"
| #define PACKAGE_VERSION "3.00"
| #define PACKAGE_YEAR "2010"
| #define PACKAGE_DATE "09/30"
| /* end confdefs.h.  */
| #include <ac_nonexistent.h>
configure:6672: checking for ANSI C header files
configure:6692: gcc -c -g -O2  -I/opt/local/include conftest.c >&5
configure:6692: $? = 0
configure:6765: gcc -o conftest -g -O2  -I/opt/local/include  -L/opt/local/lib conftest.c  >&5
configure:6765: $? = 0
configure:6765: ./conftest
configure:6765: $? = 0
configure:6776: result: yes
configure:6789: checking for sys/types.h
configure:6789: gcc -c -g -O2  -I/opt/local/include conftest.c >&5
configure:6789: $? = 0
configure:6789: result: yes
configure:6789: checking for sys/stat.h
configure:6789: gcc -c -g -O2  -I/opt/local/include conftest.c >&5
configure:6789: $? = 0
configure:6789: result: yes
configure:6789: checking for stdlib.h
configure:6789: gcc -c -g -O2  -I/opt/local/include conftest.c >&5
configure:6789: $? = 0
configure:6789: result: yes
configure:6789: checking for string.h
configure:6789: gcc -c -g -O2  -I/opt/local/include conftest.c >&5
configure:6789: $? = 0
configure:6789: result: yes
configure:6789: checking for memory.h
configure:6789: gcc -c -g -O2  -I/opt/local/include conftest.c >&5
configure:6789: $? = 0
configure:6789: result: yes
configure:6789: checking for strings.h
configure:6789: gcc -c -g -O2  -I/opt/local/include conftest.c >&5
configure:6789: $? = 0
configure:6789: result: yes
configure:6789: checking for inttypes.h
configure:6789: gcc -c -g -O2  -I/opt/local/include conftest.c >&5
configure:6789: $? = 0
configure:6789: result: yes
configure:6789: checking for stdint.h
configure:6789: gcc -c -g -O2  -I/opt/local/include conftest.c >&5
configure:6789: $? = 0
configure:6789: result: yes
configure:6789: checking for unistd.h
configure:6789: gcc -c -g -O2  -I/opt/local/include conftest.c >&5
configure:6789: $? = 0
configure:6789: result: yes
configure:6804: checking for dlfcn.h
configure:6804: gcc -c -g -O2  -I/opt/local/include conftest.c >&5
configure:6804: $? = 0
configure:6804: result: yes
configure:6929: checking for C++ compiler version
configure:6938: g++ --version >&5
i686-apple-darwin10-g++-4.2.1 (GCC) 4.2.1 (Apple Inc. build 5659)
Copyright (C) 2007 Free Software Foundation, Inc.
This is free software; see the source for copying conditions.  There is NO
warranty; not even for MERCHANTABILITY or FITNESS FOR A PARTICULAR PURPOSE.

configure:6949: $? = 0
configure:6938: g++ -v >&5
Using built-in specs.
Target: i686-apple-darwin10
Configured with: /var/tmp/gcc/gcc-5659~1/src/configure --disable-checking --enable-werror --prefix=/usr --mandir=/share/man --enable-languages=c,objc,c++,obj-c++ --program-transform-name=/^[cg][^.-]*$/s/$/-4.2/ --with-slibdir=/usr/lib --build=i686-apple-darwin10 --program-prefix=i686-apple-darwin10- --host=x86_64-apple-darwin10 --target=i686-apple-darwin10 --with-gxx-include-dir=/include/c++/4.2.1
Thread model: posix
gcc version 4.2.1 (Apple Inc. build 5659)
configure:6949: $? = 0
configure:6938: g++ -V >&5
g++-4.2: argument to `-V' is missing
configure:6949: $? = 1
configure:6938: g++ -qversion >&5
i686-apple-darwin10-g++-4.2.1: no input files
configure:6949: $? = 1
configure:6953: checking whether we are using the GNU C++ compiler
configure:6981: result: yes
configure:6990: checking whether g++ accepts -g
configure:7051: result: yes
configure:7082: checking how to run the C++ preprocessor
configure:7109: g++ -E  -I/opt/local/include conftest.cpp
configure:7109: $? = 0
configure:7123: g++ -E  -I/opt/local/include conftest.cpp
conftest.cpp:24:28: error: ac_nonexistent.h: No such file or directory
configure:7123: $? = 1
configure: failed program was:
| /* confdefs.h */
| #define PACKAGE_NAME "tesseract"
| #define PACKAGE_TARNAME "tesseract"
| #define PACKAGE_VERSION "3.00"
| #define PACKAGE_STRING "tesseract 3.00"
| #define PACKAGE_BUGREPORT "theraysmith@gmail.com"
| #define PACKAGE_URL ""
| #define PACKAGE_NAME "tesseract"
| #define PACKAGE_VERSION "3.00"
| #define PACKAGE_YEAR "2010"
| #define PACKAGE_DATE "09/30"
| #define STDC_HEADERS 1
| #define HAVE_SYS_TYPES_H 1
| #define HAVE_SYS_STAT_H 1
| #define HAVE_STDLIB_H 1
| #define HAVE_STRING_H 1
| #define HAVE_MEMORY_H 1
| #define HAVE_STRINGS_H 1
| #define HAVE_INTTYPES_H 1
| #define HAVE_STDINT_H 1
| #define HAVE_UNISTD_H 1
| #define HAVE_DLFCN_H 1
| /* end confdefs.h.  */
| #include <ac_nonexistent.h>
configure:7148: result: g++ -E
configure:7168: g++ -E  -I/opt/local/include conftest.cpp
configure:7168: $? = 0
configure:7182: g++ -E  -I/opt/local/include conftest.cpp
conftest.cpp:24:28: error: ac_nonexistent.h: No such file or directory
configure:7182: $? = 1
configure: failed program was:
| /* confdefs.h */
| #define PACKAGE_NAME "tesseract"
| #define PACKAGE_TARNAME "tesseract"
| #define PACKAGE_VERSION "3.00"
| #define PACKAGE_STRING "tesseract 3.00"
| #define PACKAGE_BUGREPORT "theraysmith@gmail.com"
| #define PACKAGE_URL ""
| #define PACKAGE_NAME "tesseract"
| #define PACKAGE_VERSION "3.00"
| #define PACKAGE_YEAR "2010"
| #define PACKAGE_DATE "09/30"
| #define STDC_HEADERS 1
| #define HAVE_SYS_TYPES_H 1
| #define HAVE_SYS_STAT_H 1
| #define HAVE_STDLIB_H 1
| #define HAVE_STRING_H 1
| #define HAVE_MEMORY_H 1
| #define HAVE_STRINGS_H 1
| #define HAVE_INTTYPES_H 1
| #define HAVE_STDINT_H 1
| #define HAVE_UNISTD_H 1
| #define HAVE_DLFCN_H 1
| /* end confdefs.h.  */
| #include <ac_nonexistent.h>
configure:7388: checking for objdir
configure:7403: result: .libs
configure:7695: checking if gcc supports -fno-rtti -fno-exceptions
configure:7713: gcc -c -g -O2  -I/opt/local/include -fno-rtti -fno-exceptions conftest.c >&5
cc1: warning: command line option "-fno-rtti" is valid for C++/ObjC++ but not for C
configure:7717: $? = 0
configure:7730: result: no
configure:7750: checking for gcc option to produce PIC
configure:8022: result: -fno-common -DPIC
configure:8034: checking if gcc PIC flag -fno-common -DPIC works
configure:8052: gcc -c -g -O2  -I/opt/local/include -fno-common -DPIC -DPIC conftest.c >&5
configure:8056: $? = 0
configure:8069: result: yes
configure:8093: checking if gcc static flag -static works
configure:8121: result: no
configure:8136: checking if gcc supports -c -o file.o
configure:8157: gcc -c -g -O2  -I/opt/local/include -o out/conftest2.o conftest.c >&5
configure:8161: $? = 0
configure:8183: result: yes
configure:8191: checking if gcc supports -c -o file.o
configure:8238: result: yes
configure:8271: checking whether the gcc linker (/usr/libexec/gcc/i686-apple-darwin10/4.2.1/ld) supports shared libraries
configure:9262: result: yes
configure:9501: checking dynamic linker characteristics
configure:10164: result: darwin10.4.0 dyld
configure:10266: checking how to hardcode library paths into programs
configure:10291: result: immediate
configure:10811: checking whether stripping libraries is possible
configure:10825: result: yes
configure:10851: checking if libtool supports shared libraries
configure:10853: result: yes
configure:10856: checking whether to build shared libraries
configure:10877: result: yes
configure:10880: checking whether to build static libraries
configure:10884: result: yes
configure:11034: checking for ld used by g++
configure:11101: result: /usr/libexec/gcc/i686-apple-darwin10/4.2.1/ld
configure:11108: checking if the linker (/usr/libexec/gcc/i686-apple-darwin10/4.2.1/ld) is GNU ld
configure:11123: result: no
configure:11178: checking whether the g++ linker (/usr/libexec/gcc/i686-apple-darwin10/4.2.1/ld) supports shared libraries
configure:12091: result: yes
configure:12119: g++ -c -g -O2  -I/opt/local/include conftest.cpp >&5
configure:12122: $? = 0
configure:12304: checking for g++ option to produce PIC
configure:12621: result: -fno-common -DPIC
configure:12630: checking if g++ PIC flag -fno-common -DPIC works
configure:12648: g++ -c -g -O2  -I/opt/local/include -fno-common -DPIC -DPIC conftest.cpp >&5
configure:12652: $? = 0
configure:12665: result: yes
configure:12686: checking if g++ static flag -static works
configure:12714: result: no
configure:12726: checking if g++ supports -c -o file.o
configure:12747: g++ -c -g -O2  -I/opt/local/include -o out/conftest2.o conftest.cpp >&5
configure:12751: $? = 0
configure:12773: result: yes
configure:12778: checking if g++ supports -c -o file.o
configure:12825: result: yes
configure:12855: checking whether the g++ linker (/usr/libexec/gcc/i686-apple-darwin10/4.2.1/ld) supports shared libraries
configure:12884: result: yes
configure:13021: checking dynamic linker characteristics
configure:13632: result: darwin10.4.0 dyld
configure:13683: checking how to hardcode library paths into programs
configure:13708: result: immediate
configure:13791: checking for a BSD-compatible install
configure:13859: result: /usr/bin/install -c
configure:13870: checking whether build environment is sane
configure:13920: result: yes
configure:13948: WARNING: `missing' script is too old or missing
configure:14061: checking for a thread-safe mkdir -p
configure:14100: result: config/install-sh -c -d
configure:14113: checking for gawk
configure:14143: result: no
configure:14113: checking for mawk
configure:14143: result: no
configure:14113: checking for nawk
configure:14143: result: no
configure:14113: checking for awk
configure:14129: found /usr/bin/awk
configure:14140: result: awk
configure:14151: checking whether make sets $(MAKE)
configure:14173: result: yes
configure:14203: checking for style of include used by make
configure:14231: result: GNU
configure:14316: checking dependency style of gcc
configure:14426: result: gcc3
configure:14443: checking dependency style of g++
configure:14553: result: gcc3
configure:14573: checking whether to enable maintainer-specific portions of Makefiles
configure:14582: result: no
configure:14611: checking whether byte ordering is bigendian
configure:14626: gcc -c -g -O2  -I/opt/local/include conftest.c >&5
configure:14626: $? = 0
configure:14671: gcc -c -g -O2  -I/opt/local/include conftest.c >&5
configure:14671: $? = 0
configure:14689: gcc -c -g -O2  -I/opt/local/include conftest.c >&5
conftest.c: In function 'main':
conftest.c:34: error: 'not' undeclared (first use in this function)
conftest.c:34: error: (Each undeclared identifier is reported only once
conftest.c:34: error: for each function it appears in.)
conftest.c:34: error: expected ';' before 'big'
configure:14689: $? = 1
configure: failed program was:
| /* confdefs.h */
| #define PACKAGE_NAME "tesseract"
| #define PACKAGE_TARNAME "tesseract"
| #define PACKAGE_VERSION "3.00"
| #define PACKAGE_STRING "tesseract 3.00"
| #define PACKAGE_BUGREPORT "theraysmith@gmail.com"
| #define PACKAGE_URL ""
| #define PACKAGE_NAME "tesseract"
| #define PACKAGE_VERSION "3.00"
| #define PACKAGE_YEAR "2010"
| #define PACKAGE_DATE "09/30"
| #define STDC_HEADERS 1
| #define HAVE_SYS_TYPES_H 1
| #define HAVE_SYS_STAT_H 1
| #define HAVE_STDLIB_H 1
| #define HAVE_STRING_H 1
| #define HAVE_MEMORY_H 1
| #define HAVE_STRINGS_H 1
| #define HAVE_INTTYPES_H 1
| #define HAVE_STDINT_H 1
| #define HAVE_UNISTD_H 1
| #define HAVE_DLFCN_H 1
| #define LT_OBJDIR ".libs/"
| #define PACKAGE "tesseract"
| #define VERSION "3.00"
| /* end confdefs.h.  */
| #include <sys/types.h>
| 		#include <sys/param.h>
| 
| int
| main ()
| {
| #if BYTE_ORDER != BIG_ENDIAN
| 		 not big endian
| 		#endif
| 
|   ;
|   return 0;
| }
configure:14817: result: no
configure:14948: checking for deflate in -lz
configure:14973: g++ -o conftest -g -O2  -I/opt/local/include  -L/opt/local/lib conftest.cpp -lz   >&5
configure:14973: $? = 0
configure:14982: result: yes
configure:14993: checking for png_read_png in -lpng
configure:15018: g++ -o conftest -g -O2  -I/opt/local/include  -L/opt/local/lib conftest.cpp -lpng  -lz  >&5
ld: library not found for -lpng
collect2: ld returned 1 exit status
configure:15018: $? = 1
configure: failed program was:
| /* confdefs.h */
| #define PACKAGE_NAME "tesseract"
| #define PACKAGE_TARNAME "tesseract"
| #define PACKAGE_VERSION "3.00"
| #define PACKAGE_STRING "tesseract 3.00"
| #define PACKAGE_BUGREPORT "theraysmith@gmail.com"
| #define PACKAGE_URL ""
| #define PACKAGE_NAME "tesseract"
| #define PACKAGE_VERSION "3.00"
| #define PACKAGE_YEAR "2010"
| #define PACKAGE_DATE "09/30"
| #define STDC_HEADERS 1
| #define HAVE_SYS_TYPES_H 1
| #define HAVE_SYS_STAT_H 1
| #define HAVE_STDLIB_H 1
| #define HAVE_STRING_H 1
| #define HAVE_MEMORY_H 1
| #define HAVE_STRINGS_H 1
| #define HAVE_INTTYPES_H 1
| #define HAVE_STDINT_H 1
| #define HAVE_UNISTD_H 1
| #define HAVE_DLFCN_H 1
| #define LT_OBJDIR ".libs/"
| #define PACKAGE "tesseract"
| #define VERSION "3.00"
| #define HAVE_LIBZ 1
| /* end confdefs.h.  */
| 
| /* Override any GCC internal prototype to avoid an error.
|    Use char because int might match the return type of a GCC
|    builtin and then its argument prototype would still apply.  */
| #ifdef __cplusplus
| extern "C"
| #endif
| char png_read_png ();
| int
| main ()
| {
| return png_read_png ();
|   ;
|   return 0;
| }
configure:15027: result: no
configure:15038: checking for jpeg_read_scanlines in -ljpeg
configure:15063: g++ -o conftest -g -O2  -I/opt/local/include  -L/opt/local/lib conftest.cpp -ljpeg  -lz  >&5
configure:15063: $? = 0
configure:15072: result: yes
configure:15083: checking for sem_init in -lpthread
configure:15108: g++ -o conftest -g -O2  -I/opt/local/include  -L/opt/local/lib conftest.cpp -lpthread  -ljpeg -lz  >&5
configure:15108: $? = 0
configure:15117: result: yes
configure:15134: checking for ANSI C header files
configure:15238: result: yes
configure:15246: checking whether time.h and sys/time.h may both be included
configure:15266: g++ -c -g -O2  -I/opt/local/include conftest.cpp >&5
configure:15266: $? = 0
configure:15273: result: yes
configure:15281: checking for sys/wait.h that is POSIX.1 compatible
configure:15307: g++ -c -g -O2  -I/opt/local/include conftest.cpp >&5
configure:15307: $? = 0
configure:15314: result: yes
configure:15325: checking sys/ipc.h usability
configure:15325: g++ -c -g -O2  -I/opt/local/include conftest.cpp >&5
configure:15325: $? = 0
configure:15325: result: yes
configure:15325: checking sys/ipc.h presence
configure:15325: g++ -E  -I/opt/local/include conftest.cpp
configure:15325: $? = 0
configure:15325: result: yes
configure:15325: checking for sys/ipc.h
configure:15325: result: yes
configure:15325: checking sys/shm.h usability
configure:15325: g++ -c -g -O2  -I/opt/local/include conftest.cpp >&5
configure:15325: $? = 0
configure:15325: result: yes
configure:15325: checking sys/shm.h presence
configure:15325: g++ -E  -I/opt/local/include conftest.cpp
configure:15325: $? = 0
configure:15325: result: yes
configure:15325: checking for sys/shm.h
configure:15325: result: yes
configure:15339: checking limits.h usability
configure:15339: g++ -c -g -O2  -I/opt/local/include conftest.cpp >&5
configure:15339: $? = 0
configure:15339: result: yes
configure:15339: checking limits.h presence
configure:15339: g++ -E  -I/opt/local/include conftest.cpp
configure:15339: $? = 0
configure:15339: result: yes
configure:15339: checking for limits.h
configure:15339: result: yes
configure:15339: checking malloc.h usability
configure:15339: g++ -c -g -O2  -I/opt/local/include conftest.cpp >&5
conftest.cpp:69:20: error: malloc.h: No such file or directory
configure:15339: $? = 1
configure: failed program was:
| /* confdefs.h */
| #define PACKAGE_NAME "tesseract"
| #define PACKAGE_TARNAME "tesseract"
| #define PACKAGE_VERSION "3.00"
| #define PACKAGE_STRING "tesseract 3.00"
| #define PACKAGE_BUGREPORT "theraysmith@gmail.com"
| #define PACKAGE_URL ""
| #define PACKAGE_NAME "tesseract"
| #define PACKAGE_VERSION "3.00"
| #define PACKAGE_YEAR "2010"
| #define PACKAGE_DATE "09/30"
| #define STDC_HEADERS 1
| #define HAVE_SYS_TYPES_H 1
| #define HAVE_SYS_STAT_H 1
| #define HAVE_STDLIB_H 1
| #define HAVE_STRING_H 1
| #define HAVE_MEMORY_H 1
| #define HAVE_STRINGS_H 1
| #define HAVE_INTTYPES_H 1
| #define HAVE_STDINT_H 1
| #define HAVE_UNISTD_H 1
| #define HAVE_DLFCN_H 1
| #define LT_OBJDIR ".libs/"
| #define PACKAGE "tesseract"
| #define VERSION "3.00"
| #define HAVE_LIBZ 1
| #define HAVE_LIBJPEG 1
| #define HAVE_LIBPTHREAD 1
| #define STDC_HEADERS 1
| #define TIME_WITH_SYS_TIME 1
| #define HAVE_SYS_WAIT_H 1
| #define HAVE_SYS_IPC_H 1
| #define HAVE_SYS_SHM_H 1
| #define HAVE_LIMITS_H 1
| /* end confdefs.h.  */
| #include <stdio.h>
| #ifdef HAVE_SYS_TYPES_H
| # include <sys/types.h>
| #endif
| #ifdef HAVE_SYS_STAT_H
| # include <sys/stat.h>
| #endif
| #ifdef STDC_HEADERS
| # include <stdlib.h>
| # include <stddef.h>
| #else
| # ifdef HAVE_STDLIB_H
| #  include <stdlib.h>
| # endif
| #endif
| #ifdef HAVE_STRING_H
| # if !defined STDC_HEADERS && defined HAVE_MEMORY_H
| #  include <memory.h>
| # endif
| # include <string.h>
| #endif
| #ifdef HAVE_STRINGS_H
| # include <strings.h>
| #endif
| #ifdef HAVE_INTTYPES_H
| # include <inttypes.h>
| #endif
| #ifdef HAVE_STDINT_H
| # include <stdint.h>
| #endif
| #ifdef HAVE_UNISTD_H
| # include <unistd.h>
| #endif
| #include <malloc.h>
configure:15339: result: no
configure:15339: checking malloc.h presence
configure:15339: g++ -E  -I/opt/local/include conftest.cpp
conftest.cpp:36:20: error: malloc.h: No such file or directory
configure:15339: $? = 1
configure: failed program was:
| /* confdefs.h */
| #define PACKAGE_NAME "tesseract"
| #define PACKAGE_TARNAME "tesseract"
| #define PACKAGE_VERSION "3.00"
| #define PACKAGE_STRING "tesseract 3.00"
| #define PACKAGE_BUGREPORT "theraysmith@gmail.com"
| #define PACKAGE_URL ""
| #define PACKAGE_NAME "tesseract"
| #define PACKAGE_VERSION "3.00"
| #define PACKAGE_YEAR "2010"
| #define PACKAGE_DATE "09/30"
| #define STDC_HEADERS 1
| #define HAVE_SYS_TYPES_H 1
| #define HAVE_SYS_STAT_H 1
| #define HAVE_STDLIB_H 1
| #define HAVE_STRING_H 1
| #define HAVE_MEMORY_H 1
| #define HAVE_STRINGS_H 1
| #define HAVE_INTTYPES_H 1
| #define HAVE_STDINT_H 1
| #define HAVE_UNISTD_H 1
| #define HAVE_DLFCN_H 1
| #define LT_OBJDIR ".libs/"
| #define PACKAGE "tesseract"
| #define VERSION "3.00"
| #define HAVE_LIBZ 1
| #define HAVE_LIBJPEG 1
| #define HAVE_LIBPTHREAD 1
| #define STDC_HEADERS 1
| #define TIME_WITH_SYS_TIME 1
| #define HAVE_SYS_WAIT_H 1
| #define HAVE_SYS_IPC_H 1
| #define HAVE_SYS_SHM_H 1
| #define HAVE_LIMITS_H 1
| /* end confdefs.h.  */
| #include <malloc.h>
configure:15339: result: no
configure:15339: checking for malloc.h
configure:15339: result: no
configure:15352: checking allheaders.h usability
configure:15352: g++ -c -g -O2  -I/opt/local/include conftest.cpp >&5
conftest.cpp:69:24: error: allheaders.h: No such file or directory
configure:15352: $? = 1
configure: failed program was:
| /* confdefs.h */
| #define PACKAGE_NAME "tesseract"
| #define PACKAGE_TARNAME "tesseract"
| #define PACKAGE_VERSION "3.00"
| #define PACKAGE_STRING "tesseract 3.00"
| #define PACKAGE_BUGREPORT "theraysmith@gmail.com"
| #define PACKAGE_URL ""
| #define PACKAGE_NAME "tesseract"
| #define PACKAGE_VERSION "3.00"
| #define PACKAGE_YEAR "2010"
| #define PACKAGE_DATE "09/30"
| #define STDC_HEADERS 1
| #define HAVE_SYS_TYPES_H 1
| #define HAVE_SYS_STAT_H 1
| #define HAVE_STDLIB_H 1
| #define HAVE_STRING_H 1
| #define HAVE_MEMORY_H 1
| #define HAVE_STRINGS_H 1
| #define HAVE_INTTYPES_H 1
| #define HAVE_STDINT_H 1
| #define HAVE_UNISTD_H 1
| #define HAVE_DLFCN_H 1
| #define LT_OBJDIR ".libs/"
| #define PACKAGE "tesseract"
| #define VERSION "3.00"
| #define HAVE_LIBZ 1
| #define HAVE_LIBJPEG 1
| #define HAVE_LIBPTHREAD 1
| #define STDC_HEADERS 1
| #define TIME_WITH_SYS_TIME 1
| #define HAVE_SYS_WAIT_H 1
| #define HAVE_SYS_IPC_H 1
| #define HAVE_SYS_SHM_H 1
| #define HAVE_LIMITS_H 1
| /* end confdefs.h.  */
| #include <stdio.h>
| #ifdef HAVE_SYS_TYPES_H
| # include <sys/types.h>
| #endif
| #ifdef HAVE_SYS_STAT_H
| # include <sys/stat.h>
| #endif
| #ifdef STDC_HEADERS
| # include <stdlib.h>
| # include <stddef.h>
| #else
| # ifdef HAVE_STDLIB_H
| #  include <stdlib.h>
| # endif
| #endif
| #ifdef HAVE_STRING_H
| # if !defined STDC_HEADERS && defined HAVE_MEMORY_H
| #  include <memory.h>
| # endif
| # include <string.h>
| #endif
| #ifdef HAVE_STRINGS_H
| # include <strings.h>
| #endif
| #ifdef HAVE_INTTYPES_H
| # include <inttypes.h>
| #endif
| #ifdef HAVE_STDINT_H
| # include <stdint.h>
| #endif
| #ifdef HAVE_UNISTD_H
| # include <unistd.h>
| #endif
| #include <allheaders.h>
configure:15352: result: no
configure:15352: checking allheaders.h presence
configure:15352: g++ -E  -I/opt/local/include conftest.cpp
conftest.cpp:36:24: error: allheaders.h: No such file or directory
configure:15352: $? = 1
configure: failed program was:
| /* confdefs.h */
| #define PACKAGE_NAME "tesseract"
| #define PACKAGE_TARNAME "tesseract"
| #define PACKAGE_VERSION "3.00"
| #define PACKAGE_STRING "tesseract 3.00"
| #define PACKAGE_BUGREPORT "theraysmith@gmail.com"
| #define PACKAGE_URL ""
| #define PACKAGE_NAME "tesseract"
| #define PACKAGE_VERSION "3.00"
| #define PACKAGE_YEAR "2010"
| #define PACKAGE_DATE "09/30"
| #define STDC_HEADERS 1
| #define HAVE_SYS_TYPES_H 1
| #define HAVE_SYS_STAT_H 1
| #define HAVE_STDLIB_H 1
| #define HAVE_STRING_H 1
| #define HAVE_MEMORY_H 1
| #define HAVE_STRINGS_H 1
| #define HAVE_INTTYPES_H 1
| #define HAVE_STDINT_H 1
| #define HAVE_UNISTD_H 1
| #define HAVE_DLFCN_H 1
| #define LT_OBJDIR ".libs/"
| #define PACKAGE "tesseract"
| #define VERSION "3.00"
| #define HAVE_LIBZ 1
| #define HAVE_LIBJPEG 1
| #define HAVE_LIBPTHREAD 1
| #define STDC_HEADERS 1
| #define TIME_WITH_SYS_TIME 1
| #define HAVE_SYS_WAIT_H 1
| #define HAVE_SYS_IPC_H 1
| #define HAVE_SYS_SHM_H 1
| #define HAVE_LIMITS_H 1
| /* end confdefs.h.  */
| #include <allheaders.h>
configure:15352: result: no
configure:15352: checking for allheaders.h
configure:15352: result: no
configure:15363: checking for stdbool.h that conforms to C99
configure:15448: g++ -c -g -O2  -I/opt/local/include conftest.cpp >&5
configure:15448: $? = 0
configure:15455: result: yes
configure:15457: checking for _Bool
configure:15457: g++ -c -g -O2  -I/opt/local/include conftest.cpp >&5
conftest.cpp: In function 'int main()':
conftest.cpp:72: error: '_Bool' was not declared in this scope
configure:15457: $? = 1
configure: failed program was:
| /* confdefs.h */
| #define PACKAGE_NAME "tesseract"
| #define PACKAGE_TARNAME "tesseract"
| #define PACKAGE_VERSION "3.00"
| #define PACKAGE_STRING "tesseract 3.00"
| #define PACKAGE_BUGREPORT "theraysmith@gmail.com"
| #define PACKAGE_URL ""
| #define PACKAGE_NAME "tesseract"
| #define PACKAGE_VERSION "3.00"
| #define PACKAGE_YEAR "2010"
| #define PACKAGE_DATE "09/30"
| #define STDC_HEADERS 1
| #define HAVE_SYS_TYPES_H 1
| #define HAVE_SYS_STAT_H 1
| #define HAVE_STDLIB_H 1
| #define HAVE_STRING_H 1
| #define HAVE_MEMORY_H 1
| #define HAVE_STRINGS_H 1
| #define HAVE_INTTYPES_H 1
| #define HAVE_STDINT_H 1
| #define HAVE_UNISTD_H 1
| #define HAVE_DLFCN_H 1
| #define LT_OBJDIR ".libs/"
| #define PACKAGE "tesseract"
| #define VERSION "3.00"
| #define HAVE_LIBZ 1
| #define HAVE_LIBJPEG 1
| #define HAVE_LIBPTHREAD 1
| #define STDC_HEADERS 1
| #define TIME_WITH_SYS_TIME 1
| #define HAVE_SYS_WAIT_H 1
| #define HAVE_SYS_IPC_H 1
| #define HAVE_SYS_SHM_H 1
| #define HAVE_LIMITS_H 1
| /* end confdefs.h.  */
| #include <stdio.h>
| #ifdef HAVE_SYS_TYPES_H
| # include <sys/types.h>
| #endif
| #ifdef HAVE_SYS_STAT_H
| # include <sys/stat.h>
| #endif
| #ifdef STDC_HEADERS
| # include <stdlib.h>
| # include <stddef.h>
| #else
| # ifdef HAVE_STDLIB_H
| #  include <stdlib.h>
| # endif
| #endif
| #ifdef HAVE_STRING_H
| # if !defined STDC_HEADERS && defined HAVE_MEMORY_H
| #  include <memory.h>
| # endif
| # include <string.h>
| #endif
| #ifdef HAVE_STRINGS_H
| # include <strings.h>
| #endif
| #ifdef HAVE_INTTYPES_H
| # include <inttypes.h>
| #endif
| #ifdef HAVE_STDINT_H
| # include <stdint.h>
| #endif
| #ifdef HAVE_UNISTD_H
| # include <unistd.h>
| #endif
| int
| main ()
| {
| if (sizeof (_Bool))
| 	 return 0;
|   ;
|   return 0;
| }
configure:15457: result: no
configure:15475: checking whether #! works in shell scripts
configure:15492: result: yes
configure:15503: checking for special C compiler options needed for large files
configure:15548: result: no
configure:15554: checking for _FILE_OFFSET_BITS value needed for large files
configure:15579: g++ -c -g -O2  -I/opt/local/include conftest.cpp >&5
configure:15579: $? = 0
configure:15611: result: no
configure:15700: checking for wchar_t
configure:15700: g++ -c -g -O2  -I/opt/local/include conftest.cpp >&5
configure:15700: $? = 0
configure:15700: g++ -c -g -O2  -I/opt/local/include conftest.cpp >&5
conftest.cpp: In function 'int main()':
conftest.cpp:73: error: expected primary-expression before 'wchar_t'
conftest.cpp:73: error: expected `)' before 'wchar_t'
conftest.cpp:74: error: expected `)' before ';' token
conftest.cpp:74: error: expected `)' before ';' token
configure:15700: $? = 1
configure: failed program was:
| /* confdefs.h */
| #define PACKAGE_NAME "tesseract"
| #define PACKAGE_TARNAME "tesseract"
| #define PACKAGE_VERSION "3.00"
| #define PACKAGE_STRING "tesseract 3.00"
| #define PACKAGE_BUGREPORT "theraysmith@gmail.com"
| #define PACKAGE_URL ""
| #define PACKAGE_NAME "tesseract"
| #define PACKAGE_VERSION "3.00"
| #define PACKAGE_YEAR "2010"
| #define PACKAGE_DATE "09/30"
| #define STDC_HEADERS 1
| #define HAVE_SYS_TYPES_H 1
| #define HAVE_SYS_STAT_H 1
| #define HAVE_STDLIB_H 1
| #define HAVE_STRING_H 1
| #define HAVE_MEMORY_H 1
| #define HAVE_STRINGS_H 1
| #define HAVE_INTTYPES_H 1
| #define HAVE_STDINT_H 1
| #define HAVE_UNISTD_H 1
| #define HAVE_DLFCN_H 1
| #define LT_OBJDIR ".libs/"
| #define PACKAGE "tesseract"
| #define VERSION "3.00"
| #define HAVE_LIBZ 1
| #define HAVE_LIBJPEG 1
| #define HAVE_LIBPTHREAD 1
| #define STDC_HEADERS 1
| #define TIME_WITH_SYS_TIME 1
| #define HAVE_SYS_WAIT_H 1
| #define HAVE_SYS_IPC_H 1
| #define HAVE_SYS_SHM_H 1
| #define HAVE_LIMITS_H 1
| #define HAVE_STDBOOL_H 1
| /* end confdefs.h.  */
| #include <stdio.h>
| #ifdef HAVE_SYS_TYPES_H
| # include <sys/types.h>
| #endif
| #ifdef HAVE_SYS_STAT_H
| # include <sys/stat.h>
| #endif
| #ifdef STDC_HEADERS
| # include <stdlib.h>
| # include <stddef.h>
| #else
| # ifdef HAVE_STDLIB_H
| #  include <stdlib.h>
| # endif
| #endif
| #ifdef HAVE_STRING_H
| # if !defined STDC_HEADERS && defined HAVE_MEMORY_H
| #  include <memory.h>
| # endif
| # include <string.h>
| #endif
| #ifdef HAVE_STRINGS_H
| # include <strings.h>
| #endif
| #ifdef HAVE_INTTYPES_H
| # include <inttypes.h>
| #endif
| #ifdef HAVE_STDINT_H
| # include <stdint.h>
| #endif
| #ifdef HAVE_UNISTD_H
| # include <unistd.h>
| #endif
| int
| main ()
| {
| if (sizeof ((wchar_t)))
| 	    return 0;
|   ;
|   return 0;
| }
configure:15700: result: yes
configure:15710: checking for long long int
configure:15710: g++ -c -g -O2  -I/opt/local/include conftest.cpp >&5
configure:15710: $? = 0
configure:15710: g++ -c -g -O2  -I/opt/local/include conftest.cpp >&5
conftest.cpp: In function 'int main()':
conftest.cpp:74: error: expected primary-expression before 'long'
conftest.cpp:74: error: expected `)' before 'long'
conftest.cpp:75: error: expected `)' before ';' token
conftest.cpp:75: error: expected `)' before ';' token
configure:15710: $? = 1
configure: failed program was:
| /* confdefs.h */
| #define PACKAGE_NAME "tesseract"
| #define PACKAGE_TARNAME "tesseract"
| #define PACKAGE_VERSION "3.00"
| #define PACKAGE_STRING "tesseract 3.00"
| #define PACKAGE_BUGREPORT "theraysmith@gmail.com"
| #define PACKAGE_URL ""
| #define PACKAGE_NAME "tesseract"
| #define PACKAGE_VERSION "3.00"
| #define PACKAGE_YEAR "2010"
| #define PACKAGE_DATE "09/30"
| #define STDC_HEADERS 1
| #define HAVE_SYS_TYPES_H 1
| #define HAVE_SYS_STAT_H 1
| #define HAVE_STDLIB_H 1
| #define HAVE_STRING_H 1
| #define HAVE_MEMORY_H 1
| #define HAVE_STRINGS_H 1
| #define HAVE_INTTYPES_H 1
| #define HAVE_STDINT_H 1
| #define HAVE_UNISTD_H 1
| #define HAVE_DLFCN_H 1
| #define LT_OBJDIR ".libs/"
| #define PACKAGE "tesseract"
| #define VERSION "3.00"
| #define HAVE_LIBZ 1
| #define HAVE_LIBJPEG 1
| #define HAVE_LIBPTHREAD 1
| #define STDC_HEADERS 1
| #define TIME_WITH_SYS_TIME 1
| #define HAVE_SYS_WAIT_H 1
| #define HAVE_SYS_IPC_H 1
| #define HAVE_SYS_SHM_H 1
| #define HAVE_LIMITS_H 1
| #define HAVE_STDBOOL_H 1
| #define HAVE_WCHAR_T 1
| /* end confdefs.h.  */
| #include <stdio.h>
| #ifdef HAVE_SYS_TYPES_H
| # include <sys/types.h>
| #endif
| #ifdef HAVE_SYS_STAT_H
| # include <sys/stat.h>
| #endif
| #ifdef STDC_HEADERS
| # include <stdlib.h>
| # include <stddef.h>
| #else
| # ifdef HAVE_STDLIB_H
| #  include <stdlib.h>
| # endif
| #endif
| #ifdef HAVE_STRING_H
| # if !defined STDC_HEADERS && defined HAVE_MEMORY_H
| #  include <memory.h>
| # endif
| # include <string.h>
| #endif
| #ifdef HAVE_STRINGS_H
| # include <strings.h>
| #endif
| #ifdef HAVE_INTTYPES_H
| # include <inttypes.h>
| #endif
| #ifdef HAVE_STDINT_H
| # include <stdint.h>
| #endif
| #ifdef HAVE_UNISTD_H
| # include <unistd.h>
| #endif
| int
| main ()
| {
| if (sizeof ((long long int)))
| 	    return 0;
|   ;
|   return 0;
| }
configure:15710: result: yes
configure:15720: checking for mbstate_t
configure:15720: g++ -c -g -O2  -I/opt/local/include conftest.cpp >&5
configure:15720: $? = 0
configure:15720: g++ -c -g -O2  -I/opt/local/include conftest.cpp >&5
conftest.cpp: In function 'int main()':
conftest.cpp:44: error: expected primary-expression before ')' token
configure:15720: $? = 1
configure: failed program was:
| /* confdefs.h */
| #define PACKAGE_NAME "tesseract"
| #define PACKAGE_TARNAME "tesseract"
| #define PACKAGE_VERSION "3.00"
| #define PACKAGE_STRING "tesseract 3.00"
| #define PACKAGE_BUGREPORT "theraysmith@gmail.com"
| #define PACKAGE_URL ""
| #define PACKAGE_NAME "tesseract"
| #define PACKAGE_VERSION "3.00"
| #define PACKAGE_YEAR "2010"
| #define PACKAGE_DATE "09/30"
| #define STDC_HEADERS 1
| #define HAVE_SYS_TYPES_H 1
| #define HAVE_SYS_STAT_H 1
| #define HAVE_STDLIB_H 1
| #define HAVE_STRING_H 1
| #define HAVE_MEMORY_H 1
| #define HAVE_STRINGS_H 1
| #define HAVE_INTTYPES_H 1
| #define HAVE_STDINT_H 1
| #define HAVE_UNISTD_H 1
| #define HAVE_DLFCN_H 1
| #define LT_OBJDIR ".libs/"
| #define PACKAGE "tesseract"
| #define VERSION "3.00"
| #define HAVE_LIBZ 1
| #define HAVE_LIBJPEG 1
| #define HAVE_LIBPTHREAD 1
| #define STDC_HEADERS 1
| #define TIME_WITH_SYS_TIME 1
| #define HAVE_SYS_WAIT_H 1
| #define HAVE_SYS_IPC_H 1
| #define HAVE_SYS_SHM_H 1
| #define HAVE_LIMITS_H 1
| #define HAVE_STDBOOL_H 1
| #define HAVE_WCHAR_T 1
| #define HAVE_LONG_LONG_INT 1
| /* end confdefs.h.  */
| #include "wchar.h"
| 
| int
| main ()
| {
| if (sizeof ((mbstate_t)))
| 	    return 0;
|   ;
|   return 0;
| }
configure:15720: result: yes
configure:15734: checking for size_t
configure:15734: g++ -c -g -O2  -I/opt/local/include conftest.cpp >&5
configure:15734: $? = 0
configure:15734: g++ -c -g -O2  -I/opt/local/include conftest.cpp >&5
conftest.cpp: In function 'int main()':
conftest.cpp:76: error: expected primary-expression before ')' token
configure:15734: $? = 1
configure: failed program was:
| /* confdefs.h */
| #define PACKAGE_NAME "tesseract"
| #define PACKAGE_TARNAME "tesseract"
| #define PACKAGE_VERSION "3.00"
| #define PACKAGE_STRING "tesseract 3.00"
| #define PACKAGE_BUGREPORT "theraysmith@gmail.com"
| #define PACKAGE_URL ""
| #define PACKAGE_NAME "tesseract"
| #define PACKAGE_VERSION "3.00"
| #define PACKAGE_YEAR "2010"
| #define PACKAGE_DATE "09/30"
| #define STDC_HEADERS 1
| #define HAVE_SYS_TYPES_H 1
| #define HAVE_SYS_STAT_H 1
| #define HAVE_STDLIB_H 1
| #define HAVE_STRING_H 1
| #define HAVE_MEMORY_H 1
| #define HAVE_STRINGS_H 1
| #define HAVE_INTTYPES_H 1
| #define HAVE_STDINT_H 1
| #define HAVE_UNISTD_H 1
| #define HAVE_DLFCN_H 1
| #define LT_OBJDIR ".libs/"
| #define PACKAGE "tesseract"
| #define VERSION "3.00"
| #define HAVE_LIBZ 1
| #define HAVE_LIBJPEG 1
| #define HAVE_LIBPTHREAD 1
| #define STDC_HEADERS 1
| #define TIME_WITH_SYS_TIME 1
| #define HAVE_SYS_WAIT_H 1
| #define HAVE_SYS_IPC_H 1
| #define HAVE_SYS_SHM_H 1
| #define HAVE_LIMITS_H 1
| #define HAVE_STDBOOL_H 1
| #define HAVE_WCHAR_T 1
| #define HAVE_LONG_LONG_INT 1
| #define HAVE_MBSTATE_T 1
| /* end confdefs.h.  */
| #include <stdio.h>
| #ifdef HAVE_SYS_TYPES_H
| # include <sys/types.h>
| #endif
| #ifdef HAVE_SYS_STAT_H
| # include <sys/stat.h>
| #endif
| #ifdef STDC_HEADERS
| # include <stdlib.h>
| # include <stddef.h>
| #else
| # ifdef HAVE_STDLIB_H
| #  include <stdlib.h>
| # endif
| #endif
| #ifdef HAVE_STRING_H
| # if !defined STDC_HEADERS && defined HAVE_MEMORY_H
| #  include <memory.h>
| # endif
| # include <string.h>
| #endif
| #ifdef HAVE_STRINGS_H
| # include <strings.h>
| #endif
| #ifdef HAVE_INTTYPES_H
| # include <inttypes.h>
| #endif
| #ifdef HAVE_STDINT_H
| # include <stdint.h>
| #endif
| #ifdef HAVE_UNISTD_H
| # include <unistd.h>
| #endif
| int
| main ()
| {
| if (sizeof ((size_t)))
| 	    return 0;
|   ;
|   return 0;
| }
configure:15734: result: yes
configure:15758: checking for stdlib.h
configure:15758: result: yes
configure:15758: checking for unistd.h
configure:15758: result: yes
configure:15758: checking for sys/param.h
configure:15758: g++ -c -g -O2  -I/opt/local/include conftest.cpp >&5
configure:15758: $? = 0
configure:15758: result: yes
configure:15779: checking for getpagesize
configure:15779: g++ -o conftest -g -O2  -I/opt/local/include  -L/opt/local/lib conftest.cpp -lpthread -ljpeg -lz  >&5
configure:15779: $? = 0
configure:15779: result: yes
configure:15788: checking for working mmap
configure:15935: g++ -o conftest -g -O2  -I/opt/local/include  -L/opt/local/lib conftest.cpp -lpthread -ljpeg -lz  >&5
configure:15935: $? = 0
configure:15935: ./conftest
configure:15935: $? = 0
configure:15945: result: yes
configure:15954: checking for pid_t
configure:15954: g++ -c -g -O2  -I/opt/local/include conftest.cpp >&5
configure:15954: $? = 0
configure:15954: g++ -c -g -O2  -I/opt/local/include conftest.cpp >&5
conftest.cpp: In function 'int main()':
conftest.cpp:81: error: expected primary-expression before ')' token
configure:15954: $? = 1
configure: failed program was:
| /* confdefs.h */
| #define PACKAGE_NAME "tesseract"
| #define PACKAGE_TARNAME "tesseract"
| #define PACKAGE_VERSION "3.00"
| #define PACKAGE_STRING "tesseract 3.00"
| #define PACKAGE_BUGREPORT "theraysmith@gmail.com"
| #define PACKAGE_URL ""
| #define PACKAGE_NAME "tesseract"
| #define PACKAGE_VERSION "3.00"
| #define PACKAGE_YEAR "2010"
| #define PACKAGE_DATE "09/30"
| #define STDC_HEADERS 1
| #define HAVE_SYS_TYPES_H 1
| #define HAVE_SYS_STAT_H 1
| #define HAVE_STDLIB_H 1
| #define HAVE_STRING_H 1
| #define HAVE_MEMORY_H 1
| #define HAVE_STRINGS_H 1
| #define HAVE_INTTYPES_H 1
| #define HAVE_STDINT_H 1
| #define HAVE_UNISTD_H 1
| #define HAVE_DLFCN_H 1
| #define LT_OBJDIR ".libs/"
| #define PACKAGE "tesseract"
| #define VERSION "3.00"
| #define HAVE_LIBZ 1
| #define HAVE_LIBJPEG 1
| #define HAVE_LIBPTHREAD 1
| #define STDC_HEADERS 1
| #define TIME_WITH_SYS_TIME 1
| #define HAVE_SYS_WAIT_H 1
| #define HAVE_SYS_IPC_H 1
| #define HAVE_SYS_SHM_H 1
| #define HAVE_LIMITS_H 1
| #define HAVE_STDBOOL_H 1
| #define HAVE_WCHAR_T 1
| #define HAVE_LONG_LONG_INT 1
| #define HAVE_MBSTATE_T 1
| #define HAVE_STDLIB_H 1
| #define HAVE_UNISTD_H 1
| #define HAVE_SYS_PARAM_H 1
| #define HAVE_GETPAGESIZE 1
| #define HAVE_MMAP 1
| /* end confdefs.h.  */
| #include <stdio.h>
| #ifdef HAVE_SYS_TYPES_H
| # include <sys/types.h>
| #endif
| #ifdef HAVE_SYS_STAT_H
| # include <sys/stat.h>
| #endif
| #ifdef STDC_HEADERS
| # include <stdlib.h>
| # include <stddef.h>
| #else
| # ifdef HAVE_STDLIB_H
| #  include <stdlib.h>
| # endif
| #endif
| #ifdef HAVE_STRING_H
| # if !defined STDC_HEADERS && defined HAVE_MEMORY_H
| #  include <memory.h>
| # endif
| # include <string.h>
| #endif
| #ifdef HAVE_STRINGS_H
| # include <strings.h>
| #endif
| #ifdef HAVE_INTTYPES_H
| # include <inttypes.h>
| #endif
| #ifdef HAVE_STDINT_H
| # include <stdint.h>
| #endif
| #ifdef HAVE_UNISTD_H
| # include <unistd.h>
| #endif
| int
| main ()
| {
| if (sizeof ((pid_t)))
| 	    return 0;
|   ;
|   return 0;
| }
configure:15954: result: yes
configure:15967: checking vfork.h usability
configure:15967: g++ -c -g -O2  -I/opt/local/include conftest.cpp >&5
conftest.cpp:78:19: error: vfork.h: No such file or directory
configure:15967: $? = 1
configure: failed program was:
| /* confdefs.h */
| #define PACKAGE_NAME "tesseract"
| #define PACKAGE_TARNAME "tesseract"
| #define PACKAGE_VERSION "3.00"
| #define PACKAGE_STRING "tesseract 3.00"
| #define PACKAGE_BUGREPORT "theraysmith@gmail.com"
| #define PACKAGE_URL ""
| #define PACKAGE_NAME "tesseract"
| #define PACKAGE_VERSION "3.00"
| #define PACKAGE_YEAR "2010"
| #define PACKAGE_DATE "09/30"
| #define STDC_HEADERS 1
| #define HAVE_SYS_TYPES_H 1
| #define HAVE_SYS_STAT_H 1
| #define HAVE_STDLIB_H 1
| #define HAVE_STRING_H 1
| #define HAVE_MEMORY_H 1
| #define HAVE_STRINGS_H 1
| #define HAVE_INTTYPES_H 1
| #define HAVE_STDINT_H 1
| #define HAVE_UNISTD_H 1
| #define HAVE_DLFCN_H 1
| #define LT_OBJDIR ".libs/"
| #define PACKAGE "tesseract"
| #define VERSION "3.00"
| #define HAVE_LIBZ 1
| #define HAVE_LIBJPEG 1
| #define HAVE_LIBPTHREAD 1
| #define STDC_HEADERS 1
| #define TIME_WITH_SYS_TIME 1
| #define HAVE_SYS_WAIT_H 1
| #define HAVE_SYS_IPC_H 1
| #define HAVE_SYS_SHM_H 1
| #define HAVE_LIMITS_H 1
| #define HAVE_STDBOOL_H 1
| #define HAVE_WCHAR_T 1
| #define HAVE_LONG_LONG_INT 1
| #define HAVE_MBSTATE_T 1
| #define HAVE_STDLIB_H 1
| #define HAVE_UNISTD_H 1
| #define HAVE_SYS_PARAM_H 1
| #define HAVE_GETPAGESIZE 1
| #define HAVE_MMAP 1
| /* end confdefs.h.  */
| #include <stdio.h>
| #ifdef HAVE_SYS_TYPES_H
| # include <sys/types.h>
| #endif
| #ifdef HAVE_SYS_STAT_H
| # include <sys/stat.h>
| #endif
| #ifdef STDC_HEADERS
| # include <stdlib.h>
| # include <stddef.h>
| #else
| # ifdef HAVE_STDLIB_H
| #  include <stdlib.h>
| # endif
| #endif
| #ifdef HAVE_STRING_H
| # if !defined STDC_HEADERS && defined HAVE_MEMORY_H
| #  include <memory.h>
| # endif
| # include <string.h>
| #endif
| #ifdef HAVE_STRINGS_H
| # include <strings.h>
| #endif
| #ifdef HAVE_INTTYPES_H
| # include <inttypes.h>
| #endif
| #ifdef HAVE_STDINT_H
| # include <stdint.h>
| #endif
| #ifdef HAVE_UNISTD_H
| # include <unistd.h>
| #endif
| #include <vfork.h>
configure:15967: result: no
configure:15967: checking vfork.h presence
configure:15967: g++ -E  -I/opt/local/include conftest.cpp
conftest.cpp:45:19: error: vfork.h: No such file or directory
configure:15967: $? = 1
configure: failed program was:
| /* confdefs.h */
| #define PACKAGE_NAME "tesseract"
| #define PACKAGE_TARNAME "tesseract"
| #define PACKAGE_VERSION "3.00"
| #define PACKAGE_STRING "tesseract 3.00"
| #define PACKAGE_BUGREPORT "theraysmith@gmail.com"
| #define PACKAGE_URL ""
| #define PACKAGE_NAME "tesseract"
| #define PACKAGE_VERSION "3.00"
| #define PACKAGE_YEAR "2010"
| #define PACKAGE_DATE "09/30"
| #define STDC_HEADERS 1
| #define HAVE_SYS_TYPES_H 1
| #define HAVE_SYS_STAT_H 1
| #define HAVE_STDLIB_H 1
| #define HAVE_STRING_H 1
| #define HAVE_MEMORY_H 1
| #define HAVE_STRINGS_H 1
| #define HAVE_INTTYPES_H 1
| #define HAVE_STDINT_H 1
| #define HAVE_UNISTD_H 1
| #define HAVE_DLFCN_H 1
| #define LT_OBJDIR ".libs/"
| #define PACKAGE "tesseract"
| #define VERSION "3.00"
| #define HAVE_LIBZ 1
| #define HAVE_LIBJPEG 1
| #define HAVE_LIBPTHREAD 1
| #define STDC_HEADERS 1
| #define TIME_WITH_SYS_TIME 1
| #define HAVE_SYS_WAIT_H 1
| #define HAVE_SYS_IPC_H 1
| #define HAVE_SYS_SHM_H 1
| #define HAVE_LIMITS_H 1
| #define HAVE_STDBOOL_H 1
| #define HAVE_WCHAR_T 1
| #define HAVE_LONG_LONG_INT 1
| #define HAVE_MBSTATE_T 1
| #define HAVE_STDLIB_H 1
| #define HAVE_UNISTD_H 1
| #define HAVE_SYS_PARAM_H 1
| #define HAVE_GETPAGESIZE 1
| #define HAVE_MMAP 1
| /* end confdefs.h.  */
| #include <vfork.h>
configure:15967: result: no
configure:15967: checking for vfork.h
configure:15967: result: no
configure:15980: checking for fork
configure:15980: g++ -o conftest -g -O2  -I/opt/local/include  -L/opt/local/lib conftest.cpp -lpthread -ljpeg -lz  >&5
configure:15980: $? = 0
configure:15980: result: yes
configure:15980: checking for vfork
configure:15980: g++ -o conftest -g -O2  -I/opt/local/include  -L/opt/local/lib conftest.cpp -lpthread -ljpeg -lz  >&5
configure:15980: $? = 0
configure:15980: result: yes
configure:15991: checking for working fork
configure:16013: g++ -o conftest -g -O2  -I/opt/local/include  -L/opt/local/lib conftest.cpp -lpthread -ljpeg -lz  >&5
configure:16013: $? = 0
configure:16013: ./conftest
configure:16013: $? = 0
configure:16023: result: yes
configure:16044: checking for working vfork
configure:16154: result: yes
configure:16182: checking for strerror
configure:16182: g++ -o conftest -g -O2  -I/opt/local/include  -L/opt/local/lib conftest.cpp -lpthread -ljpeg -lz  >&5
configure:16182: $? = 0
configure:16182: result: yes
configure:16182: checking for vsnprintf
configure:16182: g++ -o conftest -g -O2  -I/opt/local/include  -L/opt/local/lib conftest.cpp -lpthread -ljpeg -lz  >&5
configure:16182: $? = 0
configure:16182: result: yes
configure:16194: checking for gethostname
configure:16194: g++ -o conftest -g -O2  -I/opt/local/include  -L/opt/local/lib conftest.cpp -lpthread -ljpeg -lz  >&5
configure:16194: $? = 0
configure:16194: result: yes
configure:16206: checking for strchr
configure:16206: g++ -o conftest -g -O2  -I/opt/local/include  -L/opt/local/lib conftest.cpp -lpthread -ljpeg -lz  >&5
configure:16206: $? = 0
configure:16206: result: yes
configure:16206: checking for memcpy
configure:16206: g++ -o conftest -g -O2  -I/opt/local/include  -L/opt/local/lib conftest.cpp -lpthread -ljpeg -lz  >&5
configure:16206: $? = 0
configure:16206: result: yes
configure:16219: checking for acos
configure:16219: g++ -o conftest -g -O2  -I/opt/local/include  -L/opt/local/lib conftest.cpp -lpthread -ljpeg -lz  >&5
configure:16219: $? = 0
configure:16219: result: yes
configure:16219: checking for asin
configure:16219: g++ -o conftest -g -O2  -I/opt/local/include  -L/opt/local/lib conftest.cpp -lpthread -ljpeg -lz  >&5
configure:16219: $? = 0
configure:16219: result: yes
configure:16260: checking for Leffler libtiff library
configure:16358: checking linking with -ltiff
configure:16386: g++ -o conftest -g -O2   -I/opt/local/include  -L/opt/local/lib conftest.cpp -lpthread -ljpeg -lz  -ltiff -lm >&5
configure:16386: $? = 0
configure:16396: result: ok
configure:16410: result: setting LIBTIFF_CFLAGS=
configure:16412: result: setting LIBTIFF_LIBS=-ltiff
configure:16704: creating ./config.status

## ---------------------- ##
## Running config.status. ##
## ---------------------- ##

This file was extended by tesseract config.status 3.00, which was
generated by GNU Autoconf 2.65.  Invocation command line was

  CONFIG_FILES    = 
  CONFIG_HEADERS  = 
  CONFIG_LINKS    = 
  CONFIG_COMMANDS = 
  $ ./config.status 

on Ariel.local

config.status:1198: creating Makefile
config.status:1198: creating api/Makefile
config.status:1198: creating ccmain/Makefile
config.status:1198: creating ccstruct/Makefile
config.status:1198: creating ccutil/Makefile
config.status:1198: creating classify/Makefile
config.status:1198: creating cutil/Makefile
config.status:1198: creating dict/Makefile
config.status:1198: creating image/Makefile
config.status:1198: creating textord/Makefile
config.status:1198: creating viewer/Makefile
config.status:1198: creating wordrec/Makefile
config.status:1198: creating training/Makefile
config.status:1198: creating tessdata/Makefile
config.status:1198: creating tessdata/configs/Makefile
config.status:1198: creating tessdata/tessconfigs/Makefile
config.status:1198: creating testing/Makefile
config.status:1198: creating vs2008/Makefile
config.status:1198: creating vs2008/dlltest/Makefile
config.status:1198: creating vs2008/include/Makefile
config.status:1198: creating vs2008/include/leptonica/Makefile
config.status:1198: creating java/Makefile
config.status:1198: creating java/com/Makefile
config.status:1198: creating java/com/google/Makefile
config.status:1198: creating java/com/google/scrollview/Makefile
config.status:1198: creating java/com/google/scrollview/events/Makefile
config.status:1198: creating java/com/google/scrollview/ui/Makefile
config.status:1198: creating config_auto.h
config.status:1418: executing libtool commands
config.status:1418: executing depfiles commands

## ---------------- ##
## Cache variables. ##
## ---------------- ##

ac_cv_build=i686-apple-darwin10.4.0
ac_cv_c_bigendian=no
ac_cv_c_compiler_gnu=yes
ac_cv_cxx_compiler_gnu=yes
ac_cv_env_CCC_set=
ac_cv_env_CCC_value=
ac_cv_env_CC_set=
ac_cv_env_CC_value=
ac_cv_env_CFLAGS_set=
ac_cv_env_CFLAGS_value=
ac_cv_env_CPPFLAGS_set=
ac_cv_env_CPPFLAGS_value=
ac_cv_env_CPP_set=
ac_cv_env_CPP_value=
ac_cv_env_CXXCPP_set=
ac_cv_env_CXXCPP_value=
ac_cv_env_CXXFLAGS_set=
ac_cv_env_CXXFLAGS_value=
ac_cv_env_CXX_set=
ac_cv_env_CXX_value=
ac_cv_env_LDFLAGS_set=
ac_cv_env_LDFLAGS_value=
ac_cv_env_LIBS_set=
ac_cv_env_LIBS_value=
ac_cv_env_LIBTIFF_CFLAGS_set=
ac_cv_env_LIBTIFF_CFLAGS_value=
ac_cv_env_LIBTIFF_LIBS_set=
ac_cv_env_LIBTIFF_LIBS_value=
ac_cv_env_build_alias_set=
ac_cv_env_build_alias_value=
ac_cv_env_host_alias_set=
ac_cv_env_host_alias_value=
ac_cv_env_target_alias_set=
ac_cv_env_target_alias_value=
ac_cv_func_acos=yes
ac_cv_func_asin=yes
ac_cv_func_fork=yes
ac_cv_func_fork_works=yes
ac_cv_func_gethostname=yes
ac_cv_func_getpagesize=yes
ac_cv_func_memcpy=yes
ac_cv_func_mmap_fixed_mapped=yes
ac_cv_func_strchr=yes
ac_cv_func_strerror=yes
ac_cv_func_vfork=yes
ac_cv_func_vfork_works=yes
ac_cv_func_vsnprintf=yes
ac_cv_header_allheaders_h=no
ac_cv_header_dlfcn_h=yes
ac_cv_header_inttypes_h=yes
ac_cv_header_limits_h=yes
ac_cv_header_malloc_h=no
ac_cv_header_memory_h=yes
ac_cv_header_stdbool_h=yes
ac_cv_header_stdc=yes
ac_cv_header_stdint_h=yes
ac_cv_header_stdlib_h=yes
ac_cv_header_string_h=yes
ac_cv_header_strings_h=yes
ac_cv_header_sys_ipc_h=yes
ac_cv_header_sys_param_h=yes
ac_cv_header_sys_shm_h=yes
ac_cv_header_sys_stat_h=yes
ac_cv_header_sys_types_h=yes
ac_cv_header_sys_wait_h=yes
ac_cv_header_time=yes
ac_cv_header_unistd_h=yes
ac_cv_header_vfork_h=no
ac_cv_host=i686-apple-darwin10.4.0
ac_cv_lib_jpeg_jpeg_read_scanlines=yes
ac_cv_lib_png_png_read_png=no
ac_cv_lib_pthread_sem_init=yes
ac_cv_lib_z_deflate=yes
ac_cv_objext=o
ac_cv_path_EGREP='/usr/bin/grep -E'
ac_cv_path_FGREP='/usr/bin/grep -F'
ac_cv_path_GREP=/usr/bin/grep
ac_cv_path_SED=/usr/bin/sed
ac_cv_path_install='/usr/bin/install -c'
ac_cv_prog_AWK=awk
ac_cv_prog_CPP='gcc -E'
ac_cv_prog_CXXCPP='g++ -E'
ac_cv_prog_ac_ct_AR=ar
ac_cv_prog_ac_ct_CC=gcc
ac_cv_prog_ac_ct_CXX=g++
ac_cv_prog_ac_ct_DSYMUTIL=dsymutil
ac_cv_prog_ac_ct_LIPO=lipo
ac_cv_prog_ac_ct_NMEDIT=nmedit
ac_cv_prog_ac_ct_OTOOL=otool
ac_cv_prog_ac_ct_RANLIB=ranlib
ac_cv_prog_ac_ct_STRIP=strip
ac_cv_prog_cc_c89=
ac_cv_prog_cc_g=yes
ac_cv_prog_cxx_g=yes
ac_cv_prog_make_make_set=yes
ac_cv_sys_file_offset_bits=no
ac_cv_sys_interpreter=yes
ac_cv_sys_largefile_CC=no
ac_cv_type__Bool=no
ac_cv_type_long_long_int=yes
ac_cv_type_mbstate_t=yes
ac_cv_type_pid_t=yes
ac_cv_type_size_t=yes
ac_cv_type_wchar_t=yes
am_cv_CC_dependencies_compiler_type=gcc3
am_cv_CXX_dependencies_compiler_type=gcc3
lt_cv_apple_cc_single_mod=yes
lt_cv_deplibs_check_method=pass_all
lt_cv_file_magic_cmd='$MAGIC_CMD'
lt_cv_file_magic_test_file=
lt_cv_ld_exported_symbols_list=yes
lt_cv_ld_reload_flag=-r
lt_cv_nm_interface='BSD nm'
lt_cv_objdir=.libs
lt_cv_path_LD=/usr/libexec/gcc/i686-apple-darwin10/4.2.1/ld
lt_cv_path_LDCXX=/usr/libexec/gcc/i686-apple-darwin10/4.2.1/ld
lt_cv_path_NM=/usr/bin/nm
lt_cv_prog_compiler_c_o=yes
lt_cv_prog_compiler_c_o_CXX=yes
lt_cv_prog_compiler_pic_works=yes
lt_cv_prog_compiler_pic_works_CXX=yes
lt_cv_prog_compiler_rtti_exceptions=no
lt_cv_prog_compiler_static_works=no
lt_cv_prog_compiler_static_works_CXX=no
lt_cv_prog_gnu_ld=no
lt_cv_prog_gnu_ldcxx=no
lt_cv_sys_global_symbol_pipe='sed -n -e '\''s/^.*[	 ]\([BCDEGRST][BCDEGRST]*\)[	 ][	 ]*_\([_A-Za-z][_A-Za-z0-9]*\)$/\1 _\2 \2/p'\'''
lt_cv_sys_global_symbol_to_c_name_address='sed -n -e '\''s/^: \([^ ]*\) $/  {\"\1\", (void *) 0},/p'\'' -e '\''s/^[BCDEGRST]* \([^ ]*\) \([^ ]*\)$/  {"\2", (void *) \&\2},/p'\'''
lt_cv_sys_global_symbol_to_c_name_address_lib_prefix='sed -n -e '\''s/^: \([^ ]*\) $/  {\"\1\", (void *) 0},/p'\'' -e '\''s/^[BCDEGRST]* \([^ ]*\) \(lib[^ ]*\)$/  {"\2", (void *) \&\2},/p'\'' -e '\''s/^[BCDEGRST]* \([^ ]*\) \([^ ]*\)$/  {"lib\2", (void *) \&\2},/p'\'''
lt_cv_sys_global_symbol_to_cdecl='sed -n -e '\''s/^T .* \(.*\)$/extern int \1();/p'\'' -e '\''s/^[BCDEGRST]* .* \(.*\)$/extern char \1;/p'\'''
lt_cv_sys_max_cmd_len=196608

## ----------------- ##
## Output variables. ##
## ----------------- ##

ACLOCAL='aclocal-1.11'
AMDEPBACKSLASH='\'
AMDEP_FALSE='#'
AMDEP_TRUE=''
AMTAR='tar'
AR='ar'
AUTOCONF='autoconf'
AUTOHEADER='autoheader'
AUTOMAKE='automake-1.11'
AWK='awk'
CC='gcc'
CCDEPMODE='depmode=gcc3'
CFLAGS=' -g -O2'
CPP='gcc -E'
CPPFLAGS=' -I/opt/local/include'
CXX='g++'
CXXCPP='g++ -E'
CXXDEPMODE='depmode=gcc3'
CXXFLAGS=' -g -O2'
CYGPATH_W='echo'
DEFS='-DHAVE_CONFIG_H'
DEPDIR='.deps'
DSYMUTIL='dsymutil'
DUMPBIN=''
ECHO_C='\c'
ECHO_N=''
ECHO_T=''
EGREP='/usr/bin/grep -E'
EXEEXT=''
FGREP='/usr/bin/grep -F'
GENERIC_API_VERSION='3.0'
GENERIC_LIBRARY_NAME='tesseract'
GENERIC_LIBRARY_VERSION='3:0'
GENERIC_MAJOR_VERSION='3'
GENERIC_RELEASE='3.0'
GENERIC_VERSION='3.0.0'
GREP='/usr/bin/grep'
HAVE_LIBTIFF_FALSE='#'
HAVE_LIBTIFF_TRUE=''
INSTALL_DATA='${INSTALL} -m 644'
INSTALL_PROGRAM='${INSTALL}'
INSTALL_SCRIPT='${INSTALL}'
INSTALL_STRIP_PROGRAM='$(install_sh) -c -s'
LD='/usr/libexec/gcc/i686-apple-darwin10/4.2.1/ld'
LDFLAGS=' -L/opt/local/lib'
LIBOBJS=''
LIBS='-ltiff -lpthread -ljpeg -lz  -lm'
LIBTIFF_CFLAGS=''
LIBTIFF_LIBS='-ltiff'
LIBTOOL='$(SHELL) $(top_builddir)/libtool'
LIPO='lipo'
LN_S='ln -s'
LTLIBOBJS=''
MAINT='#'
MAINTAINER_MODE_FALSE=''
MAINTAINER_MODE_TRUE='#'
MAKEINFO='makeinfo'
MKDIR_P='config/install-sh -c -d'
NM='/usr/bin/nm'
NMEDIT='nmedit'
OBJDUMP='false'
OBJEXT='o'
OTOOL64=':'
OTOOL='otool'
PACKAGE='tesseract'
PACKAGE_BUGREPORT='theraysmith@gmail.com'
PACKAGE_DATE='09/30'
PACKAGE_NAME='tesseract'
PACKAGE_STRING='tesseract 3.00'
PACKAGE_TARNAME='tesseract'
PACKAGE_URL=''
PACKAGE_VERSION='3.00'
PACKAGE_YEAR='2010'
PATH_SEPARATOR=':'
RANLIB='ranlib'
SED='/usr/bin/sed'
SET_MAKE=''
SHELL='/bin/sh'
STRIP='strip'
USING_CL_FALSE=''
USING_CL_TRUE='#'
VERSION='3.00'
ac_ct_CC='gcc'
ac_ct_CXX='g++'
ac_ct_DUMPBIN=''
am__EXEEXT_FALSE=''
am__EXEEXT_TRUE='#'
am__fastdepCC_FALSE='#'
am__fastdepCC_TRUE=''
am__fastdepCXX_FALSE='#'
am__fastdepCXX_TRUE=''
am__include='include'
am__isrc=''
am__leading_dot='.'
am__quote=''
am__tar='${AMTAR} chof - "$$tardir"'
am__untar='${AMTAR} xf -'
bindir='${exec_prefix}/bin'
build='i686-apple-darwin10.4.0'
build_alias=''
build_cpu='i686'
build_os='darwin10.4.0'
build_vendor='apple'
datadir='${datarootdir}'
datarootdir='${prefix}/share'
docdir='${datarootdir}/doc/${PACKAGE_TARNAME}'
dvidir='${docdir}'
exec_prefix='${prefix}'
host='i686-apple-darwin10.4.0'
host_alias=''
host_cpu='i686'
host_os='darwin10.4.0'
host_vendor='apple'
htmldir='${docdir}'
includedir='${prefix}/include/tesseract'
infodir='${datarootdir}/info'
install_sh='${SHELL} /Users/awh/Development/Experiments2/TesseractOCR/TesseractMac3/source/config/install-sh'
libdir='${exec_prefix}/lib'
libexecdir='${exec_prefix}/libexec'
localedir='${prefix}/share/locale'
localstatedir='${prefix}/var'
lt_ECHO='/bin/echo'
mandir='${datarootdir}/man'
mkdir_p='$(top_builddir)/config/install-sh -c -d'
oldincludedir='/usr/include'
pdfdir='${docdir}'
prefix='/usr/local'
program_transform_name='s,x,x,'
psdir='${docdir}'
sbindir='${exec_prefix}/sbin'
sharedstatedir='${prefix}/com'
sysconfdir='${prefix}/etc'
target_alias=''

## ----------- ##
## confdefs.h. ##
## ----------- ##

/* confdefs.h */
#define PACKAGE_NAME "tesseract"
#define PACKAGE_TARNAME "tesseract"
#define PACKAGE_VERSION "3.00"
#define PACKAGE_STRING "tesseract 3.00"
#define PACKAGE_BUGREPORT "theraysmith@gmail.com"
#define PACKAGE_URL ""
#define PACKAGE_NAME "tesseract"
#define PACKAGE_VERSION "3.00"
#define PACKAGE_YEAR "2010"
#define PACKAGE_DATE "09/30"
#define STDC_HEADERS 1
#define HAVE_SYS_TYPES_H 1
#define HAVE_SYS_STAT_H 1
#define HAVE_STDLIB_H 1
#define HAVE_STRING_H 1
#define HAVE_MEMORY_H 1
#define HAVE_STRINGS_H 1
#define HAVE_INTTYPES_H 1
#define HAVE_STDINT_H 1
#define HAVE_UNISTD_H 1
#define HAVE_DLFCN_H 1
#define LT_OBJDIR ".libs/"
#define PACKAGE "tesseract"
#define VERSION "3.00"
#define HAVE_LIBZ 1
#define HAVE_LIBJPEG 1
#define HAVE_LIBPTHREAD 1
#define STDC_HEADERS 1
#define TIME_WITH_SYS_TIME 1
#define HAVE_SYS_WAIT_H 1
#define HAVE_SYS_IPC_H 1
#define HAVE_SYS_SHM_H 1
#define HAVE_LIMITS_H 1
#define HAVE_STDBOOL_H 1
#define HAVE_WCHAR_T 1
#define HAVE_LONG_LONG_INT 1
#define HAVE_MBSTATE_T 1
#define HAVE_STDLIB_H 1
#define HAVE_UNISTD_H 1
#define HAVE_SYS_PARAM_H 1
#define HAVE_GETPAGESIZE 1
#define HAVE_MMAP 1
#define HAVE_FORK 1
#define HAVE_VFORK 1
#define HAVE_WORKING_VFORK 1
#define HAVE_WORKING_FORK 1
#define HAVE_STRERROR 1
#define HAVE_VSNPRINTF 1
#define HAVE_GETHOSTNAME 1
#define HAVE_STRCHR 1
#define HAVE_MEMCPY 1
#define HAVE_ACOS 1
#define HAVE_ASIN 1
#define HAVE_LIBTIFF 1

configure: exit 0
